<?xml version="1.0" encoding="UTF-8"?>
<testng-results ignored="0" total="1" passed="1" failed="0" skipped="0">
  <reporter-output>
  </reporter-output>
  <suite started-at="2023-09-24T16:12:02Z" name="Default suite" finished-at="2023-09-24T16:12:17Z" duration-ms="15769">
    <groups>
    </groups>
    <test started-at="2023-09-24T16:12:02Z" name="Default test" finished-at="2023-09-24T16:12:17Z" duration-ms="15769">
      <class name="SMAT.AGR_ExtentReports.ExtentReprotsDemo">
        <test-method is-config="true" signature="config()[pri:0, instance:SMAT.AGR_ExtentReports.ExtentReprotsDemo@1c93f6e1]" started-at="2023-09-24T16:12:02Z" name="config" finished-at="2023-09-24T16:12:02Z" duration-ms="232" status="PASS">
          <reporter-output>
          </reporter-output>
        </test-method> <!-- config -->
        <test-method signature="initialDemo()[pri:0, instance:SMAT.AGR_ExtentReports.ExtentReprotsDemo@1c93f6e1]" started-at="2023-09-24T16:12:02Z" name="initialDemo" finished-at="2023-09-24T16:12:17Z" duration-ms="15522" status="PASS">
          <reporter-output>
          </reporter-output>
        </test-method> <!-- initialDemo -->
      </class> <!-- SMAT.AGR_ExtentReports.ExtentReprotsDemo -->
    </test> <!-- Default test -->
  </suite> <!-- Default suite -->
</testng-results>
